[25-Jun-2018 02:16:07 UTC] PHP Warning:  mysqli_query() expects parameter 1 to be mysqli, null given in /home/ubuntu/workspace/6400Summer18Team04/Phase 3/Team004/views/_AddResourceForm.php on line 6
[25-Jun-2018 02:16:07 UTC] PHP Stack trace:
[25-Jun-2018 02:16:07 UTC] PHP   1. {main}() /home/ubuntu/workspace/6400Summer18Team04/Phase 3/Team004/views/_AddResourceForm.php:0
[25-Jun-2018 02:16:07 UTC] PHP   2. mysqli_query() /home/ubuntu/workspace/6400Summer18Team04/Phase 3/Team004/views/_AddResourceForm.php:6
[25-Jun-2018 02:16:07 UTC] PHP Warning:  mysqli_query() expects parameter 1 to be mysqli, null given in /home/ubuntu/workspace/6400Summer18Team04/Phase 3/Team004/views/_AddResourceForm.php on line 7
[25-Jun-2018 02:16:07 UTC] PHP Stack trace:
[25-Jun-2018 02:16:07 UTC] PHP   1. {main}() /home/ubuntu/workspace/6400Summer18Team04/Phase 3/Team004/views/_AddResourceForm.php:0
[25-Jun-2018 02:16:07 UTC] PHP   2. mysqli_query() /home/ubuntu/workspace/6400Summer18Team04/Phase 3/Team004/views/_AddResourceForm.php:7
[25-Jun-2018 02:16:07 UTC] PHP Warning:  mysqli_query() expects parameter 1 to be mysqli, null given in /home/ubuntu/workspace/6400Summer18Team04/Phase 3/Team004/views/_AddResourceForm.php on line 8
[25-Jun-2018 02:16:07 UTC] PHP Stack trace:
[25-Jun-2018 02:16:07 UTC] PHP   1. {main}() /home/ubuntu/workspace/6400Summer18Team04/Phase 3/Team004/views/_AddResourceForm.php:0
[25-Jun-2018 02:16:07 UTC] PHP   2. mysqli_query() /home/ubuntu/workspace/6400Summer18Team04/Phase 3/Team004/views/_AddResourceForm.php:8
[25-Jun-2018 02:16:07 UTC] PHP Warning:  mysqli_real_escape_string() expects parameter 1 to be mysqli, null given in /home/ubuntu/workspace/6400Summer18Team04/Phase 3/Team004/views/_AddResourceForm.php on line 10
[25-Jun-2018 02:16:07 UTC] PHP Stack trace:
[25-Jun-2018 02:16:07 UTC] PHP   1. {main}() /home/ubuntu/workspace/6400Summer18Team04/Phase 3/Team004/views/_AddResourceForm.php:0
[25-Jun-2018 02:16:07 UTC] PHP   2. mysqli_real_escape_string() /home/ubuntu/workspace/6400Summer18Team04/Phase 3/Team004/views/_AddResourceForm.php:10
[25-Jun-2018 02:16:07 UTC] PHP Warning:  mysqli_real_escape_string() expects parameter 1 to be mysqli, null given in /home/ubuntu/workspace/6400Summer18Team04/Phase 3/Team004/views/_AddResourceForm.php on line 11
[25-Jun-2018 02:16:07 UTC] PHP Stack trace:
[25-Jun-2018 02:16:07 UTC] PHP   1. {main}() /home/ubuntu/workspace/6400Summer18Team04/Phase 3/Team004/views/_AddResourceForm.php:0
[25-Jun-2018 02:16:07 UTC] PHP   2. mysqli_real_escape_string() /home/ubuntu/workspace/6400Summer18Team04/Phase 3/Team004/views/_AddResourceForm.php:11
[25-Jun-2018 02:16:07 UTC] PHP Warning:  mysqli_real_escape_string() expects parameter 1 to be mysqli, null given in /home/ubuntu/workspace/6400Summer18Team04/Phase 3/Team004/views/_AddResourceForm.php on line 12
[25-Jun-2018 02:16:07 UTC] PHP Stack trace:
[25-Jun-2018 02:16:07 UTC] PHP   1. {main}() /home/ubuntu/workspace/6400Summer18Team04/Phase 3/Team004/views/_AddResourceForm.php:0
[25-Jun-2018 02:16:07 UTC] PHP   2. mysqli_real_escape_string() /home/ubuntu/workspace/6400Summer18Team04/Phase 3/Team004/views/_AddResourceForm.php:12
[25-Jun-2018 02:16:07 UTC] PHP Warning:  mysqli_fetch_assoc() expects parameter 1 to be mysqli_result, null given in /home/ubuntu/workspace/6400Summer18Team04/Phase 3/Team004/views/_AddResourceForm.php on line 58
[25-Jun-2018 02:16:07 UTC] PHP Stack trace:
[25-Jun-2018 02:16:07 UTC] PHP   1. {main}() /home/ubuntu/workspace/6400Summer18Team04/Phase 3/Team004/views/_AddResourceForm.php:0
[25-Jun-2018 02:16:07 UTC] PHP   2. mysqli_fetch_assoc() /home/ubuntu/workspace/6400Summer18Team04/Phase 3/Team004/views/_AddResourceForm.php:58
[25-Jun-2018 02:16:07 UTC] PHP Fatal error:  Call to a member function close() on a non-object in /home/ubuntu/workspace/6400Summer18Team04/Phase 3/Team004/views/_AddResourceForm.php on line 61
[25-Jun-2018 02:16:07 UTC] PHP Stack trace:
[25-Jun-2018 02:16:07 UTC] PHP   1. {main}() /home/ubuntu/workspace/6400Summer18Team04/Phase 3/Team004/views/_AddResourceForm.php:0
[25-Jun-2018 02:18:46 UTC] PHP Warning:  mysqli_real_escape_string() expects parameter 1 to be mysqli, null given in /home/ubuntu/workspace/6400Summer18Team04/Phase 3/Team004/views/_AddResourceForm.php on line 5
[25-Jun-2018 02:18:46 UTC] PHP Stack trace:
[25-Jun-2018 02:18:46 UTC] PHP   1. {main}() /home/ubuntu/workspace/6400Summer18Team04/Phase 3/Team004/views/_AddResourceForm.php:0
[25-Jun-2018 02:18:46 UTC] PHP   2. mysqli_real_escape_string() /home/ubuntu/workspace/6400Summer18Team04/Phase 3/Team004/views/_AddResourceForm.php:5
[25-Jun-2018 02:18:46 UTC] PHP Warning:  mysqli_real_escape_string() expects parameter 1 to be mysqli, null given in /home/ubuntu/workspace/6400Summer18Team04/Phase 3/Team004/views/_AddResourceForm.php on line 6
[25-Jun-2018 02:18:46 UTC] PHP Stack trace:
[25-Jun-2018 02:18:46 UTC] PHP   1. {main}() /home/ubuntu/workspace/6400Summer18Team04/Phase 3/Team004/views/_AddResourceForm.php:0
[25-Jun-2018 02:18:46 UTC] PHP   2. mysqli_real_escape_string() /home/ubuntu/workspace/6400Summer18Team04/Phase 3/Team004/views/_AddResourceForm.php:6
[25-Jun-2018 02:18:46 UTC] PHP Warning:  mysqli_real_escape_string() expects parameter 1 to be mysqli, null given in /home/ubuntu/workspace/6400Summer18Team04/Phase 3/Team004/views/_AddResourceForm.php on line 7
[25-Jun-2018 02:18:46 UTC] PHP Stack trace:
[25-Jun-2018 02:18:46 UTC] PHP   1. {main}() /home/ubuntu/workspace/6400Summer18Team04/Phase 3/Team004/views/_AddResourceForm.php:0
[25-Jun-2018 02:18:46 UTC] PHP   2. mysqli_real_escape_string() /home/ubuntu/workspace/6400Summer18Team04/Phase 3/Team004/views/_AddResourceForm.php:7
[25-Jun-2018 02:18:46 UTC] PHP Warning:  mysqli_fetch_assoc() expects parameter 1 to be mysqli_result, null given in /home/ubuntu/workspace/6400Summer18Team04/Phase 3/Team004/views/_AddResourceForm.php on line 62
[25-Jun-2018 02:18:46 UTC] PHP Stack trace:
[25-Jun-2018 02:18:46 UTC] PHP   1. {main}() /home/ubuntu/workspace/6400Summer18Team04/Phase 3/Team004/views/_AddResourceForm.php:0
[25-Jun-2018 02:18:46 UTC] PHP   2. mysqli_fetch_assoc() /home/ubuntu/workspace/6400Summer18Team04/Phase 3/Team004/views/_AddResourceForm.php:62
[25-Jun-2018 02:18:46 UTC] PHP Fatal error:  Call to a member function close() on a non-object in /home/ubuntu/workspace/6400Summer18Team04/Phase 3/Team004/views/_AddResourceForm.php on line 65
[25-Jun-2018 02:18:46 UTC] PHP Stack trace:
[25-Jun-2018 02:18:46 UTC] PHP   1. {main}() /home/ubuntu/workspace/6400Summer18Team04/Phase 3/Team004/views/_AddResourceForm.php:0
[25-Jun-2018 02:19:33 UTC] PHP Warning:  mysqli_real_escape_string() expects parameter 1 to be mysqli, null given in /home/ubuntu/workspace/6400Summer18Team04/Phase 3/Team004/views/_AddResourceForm.php on line 5
[25-Jun-2018 02:19:33 UTC] PHP Stack trace:
[25-Jun-2018 02:19:33 UTC] PHP   1. {main}() /home/ubuntu/workspace/6400Summer18Team04/Phase 3/Team004/views/_AddResourceForm.php:0
[25-Jun-2018 02:19:33 UTC] PHP   2. mysqli_real_escape_string() /home/ubuntu/workspace/6400Summer18Team04/Phase 3/Team004/views/_AddResourceForm.php:5
[25-Jun-2018 02:19:33 UTC] PHP Warning:  mysqli_real_escape_string() expects parameter 1 to be mysqli, null given in /home/ubuntu/workspace/6400Summer18Team04/Phase 3/Team004/views/_AddResourceForm.php on line 6
[25-Jun-2018 02:19:33 UTC] PHP Stack trace:
[25-Jun-2018 02:19:33 UTC] PHP   1. {main}() /home/ubuntu/workspace/6400Summer18Team04/Phase 3/Team004/views/_AddResourceForm.php:0
[25-Jun-2018 02:19:33 UTC] PHP   2. mysqli_real_escape_string() /home/ubuntu/workspace/6400Summer18Team04/Phase 3/Team004/views/_AddResourceForm.php:6
[25-Jun-2018 02:19:33 UTC] PHP Warning:  mysqli_real_escape_string() expects parameter 1 to be mysqli, null given in /home/ubuntu/workspace/6400Summer18Team04/Phase 3/Team004/views/_AddResourceForm.php on line 7
[25-Jun-2018 02:19:33 UTC] PHP Stack trace:
[25-Jun-2018 02:19:33 UTC] PHP   1. {main}() /home/ubuntu/workspace/6400Summer18Team04/Phase 3/Team004/views/_AddResourceForm.php:0
[25-Jun-2018 02:19:33 UTC] PHP   2. mysqli_real_escape_string() /home/ubuntu/workspace/6400Summer18Team04/Phase 3/Team004/views/_AddResourceForm.php:7
[25-Jun-2018 02:19:33 UTC] PHP Warning:  mysqli_fetch_assoc() expects parameter 1 to be mysqli_result, null given in /home/ubuntu/workspace/6400Summer18Team04/Phase 3/Team004/views/_AddResourceForm.php on line 63
[25-Jun-2018 02:19:33 UTC] PHP Stack trace:
[25-Jun-2018 02:19:33 UTC] PHP   1. {main}() /home/ubuntu/workspace/6400Summer18Team04/Phase 3/Team004/views/_AddResourceForm.php:0
[25-Jun-2018 02:19:33 UTC] PHP   2. mysqli_fetch_assoc() /home/ubuntu/workspace/6400Summer18Team04/Phase 3/Team004/views/_AddResourceForm.php:63
[25-Jun-2018 02:19:33 UTC] PHP Fatal error:  Call to a member function close() on a non-object in /home/ubuntu/workspace/6400Summer18Team04/Phase 3/Team004/views/_AddResourceForm.php on line 66
[25-Jun-2018 02:19:33 UTC] PHP Stack trace:
[25-Jun-2018 02:19:33 UTC] PHP   1. {main}() /home/ubuntu/workspace/6400Summer18Team04/Phase 3/Team004/views/_AddResourceForm.php:0
[25-Jun-2018 02:23:28 UTC] PHP Warning:  mysqli_real_escape_string() expects parameter 1 to be mysqli, null given in /home/ubuntu/workspace/6400Summer18Team04/Phase 3/Team004/views/_AddResourceForm.php on line 5
[25-Jun-2018 02:23:28 UTC] PHP Stack trace:
[25-Jun-2018 02:23:28 UTC] PHP   1. {main}() /home/ubuntu/workspace/6400Summer18Team04/Phase 3/Team004/views/_AddResourceForm.php:0
[25-Jun-2018 02:23:28 UTC] PHP   2. mysqli_real_escape_string() /home/ubuntu/workspace/6400Summer18Team04/Phase 3/Team004/views/_AddResourceForm.php:5
[25-Jun-2018 02:23:28 UTC] PHP Warning:  mysqli_fetch_assoc() expects parameter 1 to be mysqli_result, null given in /home/ubuntu/workspace/6400Summer18Team04/Phase 3/Team004/views/_AddResourceForm.php on line 64
[25-Jun-2018 02:23:28 UTC] PHP Stack trace:
[25-Jun-2018 02:23:28 UTC] PHP   1. {main}() /home/ubuntu/workspace/6400Summer18Team04/Phase 3/Team004/views/_AddResourceForm.php:0
[25-Jun-2018 02:23:28 UTC] PHP   2. mysqli_fetch_assoc() /home/ubuntu/workspace/6400Summer18Team04/Phase 3/Team004/views/_AddResourceForm.php:64
[25-Jun-2018 02:23:28 UTC] PHP Fatal error:  Call to a member function close() on a non-object in /home/ubuntu/workspace/6400Summer18Team04/Phase 3/Team004/views/_AddResourceForm.php on line 67
[25-Jun-2018 02:23:28 UTC] PHP Stack trace:
[25-Jun-2018 02:23:28 UTC] PHP   1. {main}() /home/ubuntu/workspace/6400Summer18Team04/Phase 3/Team004/views/_AddResourceForm.php:0
[25-Jun-2018 02:24:15 UTC] PHP Warning:  mysqli_fetch_assoc() expects parameter 1 to be mysqli_result, null given in /home/ubuntu/workspace/6400Summer18Team04/Phase 3/Team004/views/_AddResourceForm.php on line 64
[25-Jun-2018 02:24:15 UTC] PHP Stack trace:
[25-Jun-2018 02:24:15 UTC] PHP   1. {main}() /home/ubuntu/workspace/6400Summer18Team04/Phase 3/Team004/views/_AddResourceForm.php:0
[25-Jun-2018 02:24:15 UTC] PHP   2. mysqli_fetch_assoc() /home/ubuntu/workspace/6400Summer18Team04/Phase 3/Team004/views/_AddResourceForm.php:64
[25-Jun-2018 02:24:15 UTC] PHP Fatal error:  Call to a member function close() on a non-object in /home/ubuntu/workspace/6400Summer18Team04/Phase 3/Team004/views/_AddResourceForm.php on line 67
[25-Jun-2018 02:24:15 UTC] PHP Stack trace:
[25-Jun-2018 02:24:15 UTC] PHP   1. {main}() /home/ubuntu/workspace/6400Summer18Team04/Phase 3/Team004/views/_AddResourceForm.php:0
[25-Jun-2018 02:27:33 UTC] PHP Warning:  mysqli_fetch_assoc() expects parameter 1 to be mysqli_result, null given in /home/ubuntu/workspace/6400Summer18Team04/Phase 3/Team004/views/_AddResourceForm.php on line 69
[25-Jun-2018 02:27:33 UTC] PHP Stack trace:
[25-Jun-2018 02:27:33 UTC] PHP   1. {main}() /home/ubuntu/workspace/6400Summer18Team04/Phase 3/Team004/views/_AddResourceForm.php:0
[25-Jun-2018 02:27:33 UTC] PHP   2. mysqli_fetch_assoc() /home/ubuntu/workspace/6400Summer18Team04/Phase 3/Team004/views/_AddResourceForm.php:69
[25-Jun-2018 02:27:33 UTC] PHP Fatal error:  Call to a member function close() on a non-object in /home/ubuntu/workspace/6400Summer18Team04/Phase 3/Team004/views/_AddResourceForm.php on line 72
[25-Jun-2018 02:27:33 UTC] PHP Stack trace:
[25-Jun-2018 02:27:33 UTC] PHP   1. {main}() /home/ubuntu/workspace/6400Summer18Team04/Phase 3/Team004/views/_AddResourceForm.php:0
[25-Jun-2018 02:34:09 UTC] PHP Warning:  mysqli_fetch_assoc() expects parameter 1 to be mysqli_result, null given in /home/ubuntu/workspace/6400Summer18Team04/Phase 3/Team004/views/_AddResourceForm.php on line 72
[25-Jun-2018 02:34:09 UTC] PHP Stack trace:
[25-Jun-2018 02:34:09 UTC] PHP   1. {main}() /home/ubuntu/workspace/6400Summer18Team04/Phase 3/Team004/views/_AddResourceForm.php:0
[25-Jun-2018 02:34:09 UTC] PHP   2. mysqli_fetch_assoc() /home/ubuntu/workspace/6400Summer18Team04/Phase 3/Team004/views/_AddResourceForm.php:72
[25-Jun-2018 02:34:09 UTC] PHP Fatal error:  Call to a member function close() on a non-object in /home/ubuntu/workspace/6400Summer18Team04/Phase 3/Team004/views/_AddResourceForm.php on line 75
[25-Jun-2018 02:34:09 UTC] PHP Stack trace:
[25-Jun-2018 02:34:09 UTC] PHP   1. {main}() /home/ubuntu/workspace/6400Summer18Team04/Phase 3/Team004/views/_AddResourceForm.php:0
[25-Jun-2018 02:34:59 UTC] PHP Warning:  mysqli_query() expects parameter 1 to be mysqli, null given in /home/ubuntu/workspace/6400Summer18Team04/Phase 3/Team004/views/_AddResourceForm.php on line 5
[25-Jun-2018 02:34:59 UTC] PHP Stack trace:
[25-Jun-2018 02:34:59 UTC] PHP   1. {main}() /home/ubuntu/workspace/6400Summer18Team04/Phase 3/Team004/views/_AddResourceForm.php:0
[25-Jun-2018 02:34:59 UTC] PHP   2. mysqli_query() /home/ubuntu/workspace/6400Summer18Team04/Phase 3/Team004/views/_AddResourceForm.php:5
[25-Jun-2018 02:34:59 UTC] PHP Warning:  mysqli_query() expects parameter 1 to be mysqli, null given in /home/ubuntu/workspace/6400Summer18Team04/Phase 3/Team004/views/_AddResourceForm.php on line 6
[25-Jun-2018 02:34:59 UTC] PHP Stack trace:
[25-Jun-2018 02:34:59 UTC] PHP   1. {main}() /home/ubuntu/workspace/6400Summer18Team04/Phase 3/Team004/views/_AddResourceForm.php:0
[25-Jun-2018 02:34:59 UTC] PHP   2. mysqli_query() /home/ubuntu/workspace/6400Summer18Team04/Phase 3/Team004/views/_AddResourceForm.php:6
[25-Jun-2018 02:34:59 UTC] PHP Warning:  mysqli_query() expects parameter 1 to be mysqli, null given in /home/ubuntu/workspace/6400Summer18Team04/Phase 3/Team004/views/_AddResourceForm.php on line 7
[25-Jun-2018 02:34:59 UTC] PHP Stack trace:
[25-Jun-2018 02:34:59 UTC] PHP   1. {main}() /home/ubuntu/workspace/6400Summer18Team04/Phase 3/Team004/views/_AddResourceForm.php:0
[25-Jun-2018 02:34:59 UTC] PHP   2. mysqli_query() /home/ubuntu/workspace/6400Summer18Team04/Phase 3/Team004/views/_AddResourceForm.php:7
[25-Jun-2018 02:34:59 UTC] PHP Warning:  mysqli_fetch_assoc() expects parameter 1 to be mysqli_result, null given in /home/ubuntu/workspace/6400Summer18Team04/Phase 3/Team004/views/_AddResourceForm.php on line 68
[25-Jun-2018 02:34:59 UTC] PHP Stack trace:
[25-Jun-2018 02:34:59 UTC] PHP   1. {main}() /home/ubuntu/workspace/6400Summer18Team04/Phase 3/Team004/views/_AddResourceForm.php:0
[25-Jun-2018 02:34:59 UTC] PHP   2. mysqli_fetch_assoc() /home/ubuntu/workspace/6400Summer18Team04/Phase 3/Team004/views/_AddResourceForm.php:68
[25-Jun-2018 02:34:59 UTC] PHP Fatal error:  Call to a member function close() on a non-object in /home/ubuntu/workspace/6400Summer18Team04/Phase 3/Team004/views/_AddResourceForm.php on line 71
[25-Jun-2018 02:34:59 UTC] PHP Stack trace:
[25-Jun-2018 02:34:59 UTC] PHP   1. {main}() /home/ubuntu/workspace/6400Summer18Team04/Phase 3/Team004/views/_AddResourceForm.php:0
[25-Jun-2018 02:37:19 UTC] PHP Warning:  mysqli_query() expects parameter 1 to be mysqli, null given in /home/ubuntu/workspace/6400Summer18Team04/Phase 3/Team004/views/_AddResourceForm.php on line 5
[25-Jun-2018 02:37:19 UTC] PHP Stack trace:
[25-Jun-2018 02:37:19 UTC] PHP   1. {main}() /home/ubuntu/workspace/6400Summer18Team04/Phase 3/Team004/views/_AddResourceForm.php:0
[25-Jun-2018 02:37:19 UTC] PHP   2. mysqli_query() /home/ubuntu/workspace/6400Summer18Team04/Phase 3/Team004/views/_AddResourceForm.php:5
[25-Jun-2018 02:37:19 UTC] PHP Warning:  mysqli_query() expects parameter 1 to be mysqli, null given in /home/ubuntu/workspace/6400Summer18Team04/Phase 3/Team004/views/_AddResourceForm.php on line 6
[25-Jun-2018 02:37:19 UTC] PHP Stack trace:
[25-Jun-2018 02:37:19 UTC] PHP   1. {main}() /home/ubuntu/workspace/6400Summer18Team04/Phase 3/Team004/views/_AddResourceForm.php:0
[25-Jun-2018 02:37:19 UTC] PHP   2. mysqli_query() /home/ubuntu/workspace/6400Summer18Team04/Phase 3/Team004/views/_AddResourceForm.php:6
[25-Jun-2018 02:37:19 UTC] PHP Warning:  mysqli_query() expects parameter 1 to be mysqli, null given in /home/ubuntu/workspace/6400Summer18Team04/Phase 3/Team004/views/_AddResourceForm.php on line 7
[25-Jun-2018 02:37:19 UTC] PHP Stack trace:
[25-Jun-2018 02:37:19 UTC] PHP   1. {main}() /home/ubuntu/workspace/6400Summer18Team04/Phase 3/Team004/views/_AddResourceForm.php:0
[25-Jun-2018 02:37:19 UTC] PHP   2. mysqli_query() /home/ubuntu/workspace/6400Summer18Team04/Phase 3/Team004/views/_AddResourceForm.php:7
[25-Jun-2018 02:37:19 UTC] PHP Warning:  mysqli_fetch_assoc() expects parameter 1 to be mysqli_result, null given in /home/ubuntu/workspace/6400Summer18Team04/Phase 3/Team004/views/_AddResourceForm.php on line 76
[25-Jun-2018 02:37:19 UTC] PHP Stack trace:
[25-Jun-2018 02:37:19 UTC] PHP   1. {main}() /home/ubuntu/workspace/6400Summer18Team04/Phase 3/Team004/views/_AddResourceForm.php:0
[25-Jun-2018 02:37:19 UTC] PHP   2. mysqli_fetch_assoc() /home/ubuntu/workspace/6400Summer18Team04/Phase 3/Team004/views/_AddResourceForm.php:76
[25-Jun-2018 02:37:19 UTC] PHP Fatal error:  Call to a member function close() on a non-object in /home/ubuntu/workspace/6400Summer18Team04/Phase 3/Team004/views/_AddResourceForm.php on line 79
[25-Jun-2018 02:37:19 UTC] PHP Stack trace:
[25-Jun-2018 02:37:19 UTC] PHP   1. {main}() /home/ubuntu/workspace/6400Summer18Team04/Phase 3/Team004/views/_AddResourceForm.php:0
[25-Jun-2018 02:38:43 UTC] PHP Warning:  array_push() expects parameter 1 to be array, null given in /home/ubuntu/workspace/6400Summer18Team04/Phase 3/Team004/views/_AddResourceForm.php on line 15
[25-Jun-2018 02:38:43 UTC] PHP Stack trace:
[25-Jun-2018 02:38:43 UTC] PHP   1. {main}() /home/ubuntu/workspace/6400Summer18Team04/Phase 3/Team004/views/_AddResourceForm.php:0
[25-Jun-2018 02:38:43 UTC] PHP   2. array_push() /home/ubuntu/workspace/6400Summer18Team04/Phase 3/Team004/views/_AddResourceForm.php:15
[25-Jun-2018 02:38:43 UTC] PHP Warning:  mysqli_fetch_assoc() expects parameter 1 to be mysqli_result, null given in /home/ubuntu/workspace/6400Summer18Team04/Phase 3/Team004/views/_AddResourceForm.php on line 72
[25-Jun-2018 02:38:43 UTC] PHP Stack trace:
[25-Jun-2018 02:38:43 UTC] PHP   1. {main}() /home/ubuntu/workspace/6400Summer18Team04/Phase 3/Team004/views/_AddResourceForm.php:0
[25-Jun-2018 02:38:43 UTC] PHP   2. mysqli_fetch_assoc() /home/ubuntu/workspace/6400Summer18Team04/Phase 3/Team004/views/_AddResourceForm.php:72
[25-Jun-2018 02:38:43 UTC] PHP Fatal error:  Call to a member function close() on a non-object in /home/ubuntu/workspace/6400Summer18Team04/Phase 3/Team004/views/_AddResourceForm.php on line 75
[25-Jun-2018 02:38:43 UTC] PHP Stack trace:
[25-Jun-2018 02:38:43 UTC] PHP   1. {main}() /home/ubuntu/workspace/6400Summer18Team04/Phase 3/Team004/views/_AddResourceForm.php:0
[25-Jun-2018 02:39:53 UTC] PHP Warning:  array_push() expects parameter 1 to be array, null given in /home/ubuntu/workspace/6400Summer18Team04/Phase 3/Team004/views/_AddResourceForm.php on line 15
[25-Jun-2018 02:39:53 UTC] PHP Stack trace:
[25-Jun-2018 02:39:53 UTC] PHP   1. {main}() /home/ubuntu/workspace/6400Summer18Team04/Phase 3/Team004/views/_AddResourceForm.php:0
[25-Jun-2018 02:39:53 UTC] PHP   2. array_push() /home/ubuntu/workspace/6400Summer18Team04/Phase 3/Team004/views/_AddResourceForm.php:15
[25-Jun-2018 02:39:53 UTC] PHP Warning:  mysqli_fetch_assoc() expects parameter 1 to be mysqli_result, null given in /home/ubuntu/workspace/6400Summer18Team04/Phase 3/Team004/views/_AddResourceForm.php on line 72
[25-Jun-2018 02:39:53 UTC] PHP Stack trace:
[25-Jun-2018 02:39:53 UTC] PHP   1. {main}() /home/ubuntu/workspace/6400Summer18Team04/Phase 3/Team004/views/_AddResourceForm.php:0
[25-Jun-2018 02:39:53 UTC] PHP   2. mysqli_fetch_assoc() /home/ubuntu/workspace/6400Summer18Team04/Phase 3/Team004/views/_AddResourceForm.php:72
[25-Jun-2018 02:39:53 UTC] PHP Fatal error:  Call to a member function close() on a non-object in /home/ubuntu/workspace/6400Summer18Team04/Phase 3/Team004/views/_AddResourceForm.php on line 75
[25-Jun-2018 02:39:53 UTC] PHP Stack trace:
[25-Jun-2018 02:39:53 UTC] PHP   1. {main}() /home/ubuntu/workspace/6400Summer18Team04/Phase 3/Team004/views/_AddResourceForm.php:0
[25-Jun-2018 02:41:08 UTC] PHP Warning:  array_push() expects parameter 1 to be array, null given in /home/ubuntu/workspace/6400Summer18Team04/Phase 3/Team004/views/_AddResourceForm.php on line 15
[25-Jun-2018 02:41:08 UTC] PHP Stack trace:
[25-Jun-2018 02:41:08 UTC] PHP   1. {main}() /home/ubuntu/workspace/6400Summer18Team04/Phase 3/Team004/views/_AddResourceForm.php:0
[25-Jun-2018 02:41:08 UTC] PHP   2. array_push() /home/ubuntu/workspace/6400Summer18Team04/Phase 3/Team004/views/_AddResourceForm.php:15
[25-Jun-2018 02:41:08 UTC] PHP Warning:  mysqli_fetch_assoc() expects parameter 1 to be mysqli_result, null given in /home/ubuntu/workspace/6400Summer18Team04/Phase 3/Team004/views/_AddResourceForm.php on line 72
[25-Jun-2018 02:41:08 UTC] PHP Stack trace:
[25-Jun-2018 02:41:08 UTC] PHP   1. {main}() /home/ubuntu/workspace/6400Summer18Team04/Phase 3/Team004/views/_AddResourceForm.php:0
[25-Jun-2018 02:41:08 UTC] PHP   2. mysqli_fetch_assoc() /home/ubuntu/workspace/6400Summer18Team04/Phase 3/Team004/views/_AddResourceForm.php:72
[25-Jun-2018 02:41:08 UTC] PHP Fatal error:  Call to a member function close() on a non-object in /home/ubuntu/workspace/6400Summer18Team04/Phase 3/Team004/views/_AddResourceForm.php on line 75
[25-Jun-2018 02:41:08 UTC] PHP Stack trace:
[25-Jun-2018 02:41:08 UTC] PHP   1. {main}() /home/ubuntu/workspace/6400Summer18Team04/Phase 3/Team004/views/_AddResourceForm.php:0
[25-Jun-2018 02:42:05 UTC] PHP Warning:  mysqli_fetch_assoc() expects parameter 1 to be mysqli_result, null given in /home/ubuntu/workspace/6400Summer18Team04/Phase 3/Team004/views/_AddResourceForm.php on line 71
[25-Jun-2018 02:42:05 UTC] PHP Stack trace:
[25-Jun-2018 02:42:05 UTC] PHP   1. {main}() /home/ubuntu/workspace/6400Summer18Team04/Phase 3/Team004/views/_AddResourceForm.php:0
[25-Jun-2018 02:42:05 UTC] PHP   2. mysqli_fetch_assoc() /home/ubuntu/workspace/6400Summer18Team04/Phase 3/Team004/views/_AddResourceForm.php:71
[25-Jun-2018 02:42:05 UTC] PHP Fatal error:  Call to a member function close() on a non-object in /home/ubuntu/workspace/6400Summer18Team04/Phase 3/Team004/views/_AddResourceForm.php on line 74
[25-Jun-2018 02:42:05 UTC] PHP Stack trace:
[25-Jun-2018 02:42:05 UTC] PHP   1. {main}() /home/ubuntu/workspace/6400Summer18Team04/Phase 3/Team004/views/_AddResourceForm.php:0
[25-Jun-2018 02:43:25 UTC] PHP Warning:  mysqli_fetch_assoc() expects parameter 1 to be mysqli_result, null given in /home/ubuntu/workspace/6400Summer18Team04/Phase 3/Team004/views/_AddResourceForm.php on line 71
[25-Jun-2018 02:43:25 UTC] PHP Stack trace:
[25-Jun-2018 02:43:25 UTC] PHP   1. {main}() /home/ubuntu/workspace/6400Summer18Team04/Phase 3/Team004/views/_AddResourceForm.php:0
[25-Jun-2018 02:43:25 UTC] PHP   2. mysqli_fetch_assoc() /home/ubuntu/workspace/6400Summer18Team04/Phase 3/Team004/views/_AddResourceForm.php:71
[25-Jun-2018 02:43:25 UTC] PHP Fatal error:  Call to a member function close() on a non-object in /home/ubuntu/workspace/6400Summer18Team04/Phase 3/Team004/views/_AddResourceForm.php on line 74
[25-Jun-2018 02:43:25 UTC] PHP Stack trace:
[25-Jun-2018 02:43:25 UTC] PHP   1. {main}() /home/ubuntu/workspace/6400Summer18Team04/Phase 3/Team004/views/_AddResourceForm.php:0
[25-Jun-2018 02:53:42 UTC] PHP Warning:  mysqli_fetch_assoc() expects parameter 1 to be mysqli_result, null given in /home/ubuntu/workspace/6400Summer18Team04/Phase 3/Team004/views/_AddResourceForm.php on line 72
[25-Jun-2018 02:53:42 UTC] PHP Stack trace:
[25-Jun-2018 02:53:42 UTC] PHP   1. {main}() /home/ubuntu/workspace/6400Summer18Team04/Phase 3/Team004/views/_AddResourceForm.php:0
[25-Jun-2018 02:53:42 UTC] PHP   2. mysqli_fetch_assoc() /home/ubuntu/workspace/6400Summer18Team04/Phase 3/Team004/views/_AddResourceForm.php:72
[25-Jun-2018 02:53:42 UTC] PHP Fatal error:  Call to a member function close() on a non-object in /home/ubuntu/workspace/6400Summer18Team04/Phase 3/Team004/views/_AddResourceForm.php on line 75
[25-Jun-2018 02:53:42 UTC] PHP Stack trace:
[25-Jun-2018 02:53:42 UTC] PHP   1. {main}() /home/ubuntu/workspace/6400Summer18Team04/Phase 3/Team004/views/_AddResourceForm.php:0
[25-Jun-2018 04:09:11 UTC] PHP Warning:  mysqli_fetch_assoc() expects parameter 1 to be mysqli_result, null given in /home/ubuntu/workspace/6400Summer18Team04/Phase 3/Team004/views/_AddResourceForm.php on line 71
[25-Jun-2018 04:09:11 UTC] PHP Stack trace:
[25-Jun-2018 04:09:11 UTC] PHP   1. {main}() /home/ubuntu/workspace/6400Summer18Team04/Phase 3/Team004/views/_AddResourceForm.php:0
[25-Jun-2018 04:09:11 UTC] PHP   2. mysqli_fetch_assoc() /home/ubuntu/workspace/6400Summer18Team04/Phase 3/Team004/views/_AddResourceForm.php:71
[25-Jun-2018 04:09:11 UTC] PHP Fatal error:  Call to a member function close() on a non-object in /home/ubuntu/workspace/6400Summer18Team04/Phase 3/Team004/views/_AddResourceForm.php on line 74
[25-Jun-2018 04:09:11 UTC] PHP Stack trace:
[25-Jun-2018 04:09:11 UTC] PHP   1. {main}() /home/ubuntu/workspace/6400Summer18Team04/Phase 3/Team004/views/_AddResourceForm.php:0
[25-Jun-2018 04:12:08 UTC] PHP Warning:  mysqli_fetch_assoc() expects parameter 1 to be mysqli_result, null given in /home/ubuntu/workspace/6400Summer18Team04/Phase 3/Team004/views/_AddResourceForm.php on line 72
[25-Jun-2018 04:12:09 UTC] PHP Stack trace:
[25-Jun-2018 04:12:09 UTC] PHP   1. {main}() /home/ubuntu/workspace/6400Summer18Team04/Phase 3/Team004/views/_AddResourceForm.php:0
[25-Jun-2018 04:12:09 UTC] PHP   2. mysqli_fetch_assoc() /home/ubuntu/workspace/6400Summer18Team04/Phase 3/Team004/views/_AddResourceForm.php:72
[25-Jun-2018 04:12:09 UTC] PHP Fatal error:  Call to a member function close() on a non-object in /home/ubuntu/workspace/6400Summer18Team04/Phase 3/Team004/views/_AddResourceForm.php on line 75
[25-Jun-2018 04:12:09 UTC] PHP Stack trace:
[25-Jun-2018 04:12:09 UTC] PHP   1. {main}() /home/ubuntu/workspace/6400Summer18Team04/Phase 3/Team004/views/_AddResourceForm.php:0
[25-Jun-2018 04:19:00 UTC] PHP Warning:  mysqli_fetch_assoc() expects parameter 1 to be mysqli_result, null given in /home/ubuntu/workspace/6400Summer18Team04/Phase 3/Team004/views/_AddResourceForm.php on line 73
[25-Jun-2018 04:19:00 UTC] PHP Stack trace:
[25-Jun-2018 04:19:00 UTC] PHP   1. {main}() /home/ubuntu/workspace/6400Summer18Team04/Phase 3/Team004/views/_AddResourceForm.php:0
[25-Jun-2018 04:19:00 UTC] PHP   2. mysqli_fetch_assoc() /home/ubuntu/workspace/6400Summer18Team04/Phase 3/Team004/views/_AddResourceForm.php:73
[25-Jun-2018 04:19:00 UTC] PHP Fatal error:  Call to a member function close() on a non-object in /home/ubuntu/workspace/6400Summer18Team04/Phase 3/Team004/views/_AddResourceForm.php on line 76
[25-Jun-2018 04:19:00 UTC] PHP Stack trace:
[25-Jun-2018 04:19:00 UTC] PHP   1. {main}() /home/ubuntu/workspace/6400Summer18Team04/Phase 3/Team004/views/_AddResourceForm.php:0
[25-Jun-2018 04:20:41 UTC] PHP Warning:  array_push() expects parameter 1 to be array, null given in /home/ubuntu/workspace/6400Summer18Team04/Phase 3/Team004/views/_AddResourceForm.php on line 17
[25-Jun-2018 04:20:41 UTC] PHP Stack trace:
[25-Jun-2018 04:20:41 UTC] PHP   1. {main}() /home/ubuntu/workspace/6400Summer18Team04/Phase 3/Team004/views/_AddResourceForm.php:0
[25-Jun-2018 04:20:41 UTC] PHP   2. array_push() /home/ubuntu/workspace/6400Summer18Team04/Phase 3/Team004/views/_AddResourceForm.php:17
[25-Jun-2018 04:20:41 UTC] PHP Warning:  mysqli_fetch_assoc() expects parameter 1 to be mysqli_result, null given in /home/ubuntu/workspace/6400Summer18Team04/Phase 3/Team004/views/_AddResourceForm.php on line 73
[25-Jun-2018 04:20:41 UTC] PHP Stack trace:
[25-Jun-2018 04:20:41 UTC] PHP   1. {main}() /home/ubuntu/workspace/6400Summer18Team04/Phase 3/Team004/views/_AddResourceForm.php:0
[25-Jun-2018 04:20:41 UTC] PHP   2. mysqli_fetch_assoc() /home/ubuntu/workspace/6400Summer18Team04/Phase 3/Team004/views/_AddResourceForm.php:73
[25-Jun-2018 04:20:41 UTC] PHP Fatal error:  Call to a member function close() on a non-object in /home/ubuntu/workspace/6400Summer18Team04/Phase 3/Team004/views/_AddResourceForm.php on line 76
[25-Jun-2018 04:20:41 UTC] PHP Stack trace:
[25-Jun-2018 04:20:41 UTC] PHP   1. {main}() /home/ubuntu/workspace/6400Summer18Team04/Phase 3/Team004/views/_AddResourceForm.php:0
[25-Jun-2018 04:22:46 UTC] PHP Warning:  array_push() expects parameter 1 to be array, null given in /home/ubuntu/workspace/6400Summer18Team04/Phase 3/Team004/views/_AddResourceForm.php on line 17
[25-Jun-2018 04:22:46 UTC] PHP Stack trace:
[25-Jun-2018 04:22:46 UTC] PHP   1. {main}() /home/ubuntu/workspace/6400Summer18Team04/Phase 3/Team004/views/_AddResourceForm.php:0
[25-Jun-2018 04:22:46 UTC] PHP   2. array_push() /home/ubuntu/workspace/6400Summer18Team04/Phase 3/Team004/views/_AddResourceForm.php:17
[25-Jun-2018 04:22:46 UTC] PHP Warning:  mysqli_fetch_assoc() expects parameter 1 to be mysqli_result, null given in /home/ubuntu/workspace/6400Summer18Team04/Phase 3/Team004/views/_AddResourceForm.php on line 73
[25-Jun-2018 04:22:46 UTC] PHP Stack trace:
[25-Jun-2018 04:22:46 UTC] PHP   1. {main}() /home/ubuntu/workspace/6400Summer18Team04/Phase 3/Team004/views/_AddResourceForm.php:0
[25-Jun-2018 04:22:46 UTC] PHP   2. mysqli_fetch_assoc() /home/ubuntu/workspace/6400Summer18Team04/Phase 3/Team004/views/_AddResourceForm.php:73
[25-Jun-2018 04:22:46 UTC] PHP Fatal error:  Call to a member function close() on a non-object in /home/ubuntu/workspace/6400Summer18Team04/Phase 3/Team004/views/_AddResourceForm.php on line 76
[25-Jun-2018 04:22:46 UTC] PHP Stack trace:
[25-Jun-2018 04:22:46 UTC] PHP   1. {main}() /home/ubuntu/workspace/6400Summer18Team04/Phase 3/Team004/views/_AddResourceForm.php:0
[25-Jun-2018 04:24:54 UTC] PHP Warning:  array_push() expects parameter 1 to be array, null given in /home/ubuntu/workspace/6400Summer18Team04/Phase 3/Team004/views/_AddResourceForm.php on line 17
[25-Jun-2018 04:24:54 UTC] PHP Stack trace:
[25-Jun-2018 04:24:54 UTC] PHP   1. {main}() /home/ubuntu/workspace/6400Summer18Team04/Phase 3/Team004/views/_AddResourceForm.php:0
[25-Jun-2018 04:24:54 UTC] PHP   2. array_push() /home/ubuntu/workspace/6400Summer18Team04/Phase 3/Team004/views/_AddResourceForm.php:17
[25-Jun-2018 04:24:54 UTC] PHP Warning:  mysqli_fetch_assoc() expects parameter 1 to be mysqli_result, null given in /home/ubuntu/workspace/6400Summer18Team04/Phase 3/Team004/views/_AddResourceForm.php on line 75
[25-Jun-2018 04:24:54 UTC] PHP Stack trace:
[25-Jun-2018 04:24:54 UTC] PHP   1. {main}() /home/ubuntu/workspace/6400Summer18Team04/Phase 3/Team004/views/_AddResourceForm.php:0
[25-Jun-2018 04:24:54 UTC] PHP   2. mysqli_fetch_assoc() /home/ubuntu/workspace/6400Summer18Team04/Phase 3/Team004/views/_AddResourceForm.php:75
[25-Jun-2018 04:24:54 UTC] PHP Fatal error:  Call to a member function close() on a non-object in /home/ubuntu/workspace/6400Summer18Team04/Phase 3/Team004/views/_AddResourceForm.php on line 78
[25-Jun-2018 04:24:54 UTC] PHP Stack trace:
[25-Jun-2018 04:24:54 UTC] PHP   1. {main}() /home/ubuntu/workspace/6400Summer18Team04/Phase 3/Team004/views/_AddResourceForm.php:0
[25-Jun-2018 04:26:22 UTC] PHP Warning:  array_push() expects parameter 1 to be array, null given in /home/ubuntu/workspace/6400Summer18Team04/Phase 3/Team004/views/_AddResourceForm.php on line 17
[25-Jun-2018 04:26:23 UTC] PHP Stack trace:
[25-Jun-2018 04:26:23 UTC] PHP   1. {main}() /home/ubuntu/workspace/6400Summer18Team04/Phase 3/Team004/views/_AddResourceForm.php:0
[25-Jun-2018 04:26:23 UTC] PHP   2. array_push() /home/ubuntu/workspace/6400Summer18Team04/Phase 3/Team004/views/_AddResourceForm.php:17
[25-Jun-2018 04:26:23 UTC] PHP Warning:  mysqli_fetch_assoc() expects parameter 1 to be mysqli_result, null given in /home/ubuntu/workspace/6400Summer18Team04/Phase 3/Team004/views/_AddResourceForm.php on line 75
[25-Jun-2018 04:26:23 UTC] PHP Stack trace:
[25-Jun-2018 04:26:23 UTC] PHP   1. {main}() /home/ubuntu/workspace/6400Summer18Team04/Phase 3/Team004/views/_AddResourceForm.php:0
[25-Jun-2018 04:26:23 UTC] PHP   2. mysqli_fetch_assoc() /home/ubuntu/workspace/6400Summer18Team04/Phase 3/Team004/views/_AddResourceForm.php:75
[25-Jun-2018 04:26:23 UTC] PHP Fatal error:  Call to a member function close() on a non-object in /home/ubuntu/workspace/6400Summer18Team04/Phase 3/Team004/views/_AddResourceForm.php on line 78
[25-Jun-2018 04:26:23 UTC] PHP Stack trace:
[25-Jun-2018 04:26:23 UTC] PHP   1. {main}() /home/ubuntu/workspace/6400Summer18Team04/Phase 3/Team004/views/_AddResourceForm.php:0
[25-Jun-2018 04:27:51 UTC] PHP Warning:  mysqli_fetch_assoc() expects parameter 1 to be mysqli_result, null given in /home/ubuntu/workspace/6400Summer18Team04/Phase 3/Team004/views/_AddResourceForm.php on line 75
[25-Jun-2018 04:27:51 UTC] PHP Stack trace:
[25-Jun-2018 04:27:51 UTC] PHP   1. {main}() /home/ubuntu/workspace/6400Summer18Team04/Phase 3/Team004/views/_AddResourceForm.php:0
[25-Jun-2018 04:27:51 UTC] PHP   2. mysqli_fetch_assoc() /home/ubuntu/workspace/6400Summer18Team04/Phase 3/Team004/views/_AddResourceForm.php:75
[25-Jun-2018 04:27:51 UTC] PHP Fatal error:  Call to a member function close() on a non-object in /home/ubuntu/workspace/6400Summer18Team04/Phase 3/Team004/views/_AddResourceForm.php on line 78
[25-Jun-2018 04:27:51 UTC] PHP Stack trace:
[25-Jun-2018 04:27:51 UTC] PHP   1. {main}() /home/ubuntu/workspace/6400Summer18Team04/Phase 3/Team004/views/_AddResourceForm.php:0
[25-Jun-2018 04:34:20 UTC] PHP Warning:  array_push() expects parameter 1 to be array, null given in /home/ubuntu/workspace/6400Summer18Team04/Phase 3/Team004/views/_AddResourceForm.php on line 17
[25-Jun-2018 04:34:20 UTC] PHP Stack trace:
[25-Jun-2018 04:34:20 UTC] PHP   1. {main}() /home/ubuntu/workspace/6400Summer18Team04/Phase 3/Team004/views/_AddResourceForm.php:0
[25-Jun-2018 04:34:20 UTC] PHP   2. array_push() /home/ubuntu/workspace/6400Summer18Team04/Phase 3/Team004/views/_AddResourceForm.php:17
[25-Jun-2018 04:34:20 UTC] PHP Warning:  mysqli_fetch_assoc() expects parameter 1 to be mysqli_result, null given in /home/ubuntu/workspace/6400Summer18Team04/Phase 3/Team004/views/_AddResourceForm.php on line 75
[25-Jun-2018 04:34:20 UTC] PHP Stack trace:
[25-Jun-2018 04:34:20 UTC] PHP   1. {main}() /home/ubuntu/workspace/6400Summer18Team04/Phase 3/Team004/views/_AddResourceForm.php:0
[25-Jun-2018 04:34:20 UTC] PHP   2. mysqli_fetch_assoc() /home/ubuntu/workspace/6400Summer18Team04/Phase 3/Team004/views/_AddResourceForm.php:75
[25-Jun-2018 04:34:20 UTC] PHP Fatal error:  Call to a member function close() on a non-object in /home/ubuntu/workspace/6400Summer18Team04/Phase 3/Team004/views/_AddResourceForm.php on line 78
[25-Jun-2018 04:34:20 UTC] PHP Stack trace:
[25-Jun-2018 04:34:20 UTC] PHP   1. {main}() /home/ubuntu/workspace/6400Summer18Team04/Phase 3/Team004/views/_AddResourceForm.php:0
[25-Jun-2018 04:44:42 UTC] PHP Warning:  array_push() expects parameter 1 to be array, null given in /home/ubuntu/workspace/6400Summer18Team04/Phase 3/Team004/views/_AddResourceForm.php on line 17
[25-Jun-2018 04:44:42 UTC] PHP Stack trace:
[25-Jun-2018 04:44:42 UTC] PHP   1. {main}() /home/ubuntu/workspace/6400Summer18Team04/Phase 3/Team004/views/_AddResourceForm.php:0
[25-Jun-2018 04:44:42 UTC] PHP   2. array_push() /home/ubuntu/workspace/6400Summer18Team04/Phase 3/Team004/views/_AddResourceForm.php:17
[25-Jun-2018 04:44:42 UTC] PHP Warning:  mysqli_fetch_assoc() expects parameter 1 to be mysqli_result, null given in /home/ubuntu/workspace/6400Summer18Team04/Phase 3/Team004/views/_AddResourceForm.php on line 75
[25-Jun-2018 04:44:42 UTC] PHP Stack trace:
[25-Jun-2018 04:44:42 UTC] PHP   1. {main}() /home/ubuntu/workspace/6400Summer18Team04/Phase 3/Team004/views/_AddResourceForm.php:0
[25-Jun-2018 04:44:42 UTC] PHP   2. mysqli_fetch_assoc() /home/ubuntu/workspace/6400Summer18Team04/Phase 3/Team004/views/_AddResourceForm.php:75
[25-Jun-2018 04:44:42 UTC] PHP Fatal error:  Call to a member function close() on a non-object in /home/ubuntu/workspace/6400Summer18Team04/Phase 3/Team004/views/_AddResourceForm.php on line 78
[25-Jun-2018 04:44:42 UTC] PHP Stack trace:
[25-Jun-2018 04:44:42 UTC] PHP   1. {main}() /home/ubuntu/workspace/6400Summer18Team04/Phase 3/Team004/views/_AddResourceForm.php:0
[06-Jul-2018 16:01:06 UTC] PHP Warning:  array_push() expects parameter 1 to be array, null given in /home/ubuntu/workspace/6400Summer18Team04/Phase 3/Team004/views/_AddResourceForm.php on line 19
[06-Jul-2018 16:01:06 UTC] PHP Stack trace:
[06-Jul-2018 16:01:06 UTC] PHP   1. {main}() /home/ubuntu/workspace/6400Summer18Team04/Phase 3/Team004/views/_AddResourceForm.php:0
[06-Jul-2018 16:01:06 UTC] PHP   2. array_push() /home/ubuntu/workspace/6400Summer18Team04/Phase 3/Team004/views/_AddResourceForm.php:19
[06-Jul-2018 16:01:06 UTC] PHP Warning:  include(lib/show_queries.php): failed to open stream: No such file or directory in /home/ubuntu/workspace/6400Summer18Team04/Phase 3/Team004/views/_AddResourceForm.php on line 50
[06-Jul-2018 16:01:06 UTC] PHP Stack trace:
[06-Jul-2018 16:01:06 UTC] PHP   1. {main}() /home/ubuntu/workspace/6400Summer18Team04/Phase 3/Team004/views/_AddResourceForm.php:0
[06-Jul-2018 16:01:06 UTC] PHP Warning:  include(): Failed opening 'lib/show_queries.php' for inclusion (include_path='.:/usr/share/php:/usr/share/pear') in /home/ubuntu/workspace/6400Summer18Team04/Phase 3/Team004/views/_AddResourceForm.php on line 50
[06-Jul-2018 16:01:06 UTC] PHP Stack trace:
[06-Jul-2018 16:01:06 UTC] PHP   1. {main}() /home/ubuntu/workspace/6400Summer18Team04/Phase 3/Team004/views/_AddResourceForm.php:0
[06-Jul-2018 16:01:06 UTC] PHP Warning:  include(lib/error.php): failed to open stream: No such file or directory in /home/ubuntu/workspace/6400Summer18Team04/Phase 3/Team004/views/_AddResourceForm.php on line 51
[06-Jul-2018 16:01:06 UTC] PHP Stack trace:
[06-Jul-2018 16:01:06 UTC] PHP   1. {main}() /home/ubuntu/workspace/6400Summer18Team04/Phase 3/Team004/views/_AddResourceForm.php:0
[06-Jul-2018 16:01:06 UTC] PHP Warning:  include(): Failed opening 'lib/error.php' for inclusion (include_path='.:/usr/share/php:/usr/share/pear') in /home/ubuntu/workspace/6400Summer18Team04/Phase 3/Team004/views/_AddResourceForm.php on line 51
[06-Jul-2018 16:01:06 UTC] PHP Stack trace:
[06-Jul-2018 16:01:06 UTC] PHP   1. {main}() /home/ubuntu/workspace/6400Summer18Team04/Phase 3/Team004/views/_AddResourceForm.php:0
[06-Jul-2018 16:01:06 UTC] PHP Warning:  mysqli_fetch_assoc() expects parameter 1 to be mysqli_result, null given in /home/ubuntu/workspace/6400Summer18Team04/Phase 3/Team004/views/_AddResourceForm.php on line 78
[06-Jul-2018 16:01:06 UTC] PHP Stack trace:
[06-Jul-2018 16:01:06 UTC] PHP   1. {main}() /home/ubuntu/workspace/6400Summer18Team04/Phase 3/Team004/views/_AddResourceForm.php:0
[06-Jul-2018 16:01:06 UTC] PHP   2. mysqli_fetch_assoc() /home/ubuntu/workspace/6400Summer18Team04/Phase 3/Team004/views/_AddResourceForm.php:78
[06-Jul-2018 16:01:06 UTC] PHP Fatal error:  Call to a member function close() on a non-object in /home/ubuntu/workspace/6400Summer18Team04/Phase 3/Team004/views/_AddResourceForm.php on line 81
[06-Jul-2018 16:01:06 UTC] PHP Stack trace:
[06-Jul-2018 16:01:06 UTC] PHP   1. {main}() /home/ubuntu/workspace/6400Summer18Team04/Phase 3/Team004/views/_AddResourceForm.php:0
[06-Jul-2018 16:01:43 UTC] PHP Warning:  array_push() expects parameter 1 to be array, null given in /home/ubuntu/workspace/6400Summer18Team04/Phase 3/Team004/views/_AddResourceForm.php on line 19
[06-Jul-2018 16:01:43 UTC] PHP Stack trace:
[06-Jul-2018 16:01:43 UTC] PHP   1. {main}() /home/ubuntu/workspace/6400Summer18Team04/Phase 3/Team004/views/_AddResourceForm.php:0
[06-Jul-2018 16:01:43 UTC] PHP   2. array_push() /home/ubuntu/workspace/6400Summer18Team04/Phase 3/Team004/views/_AddResourceForm.php:19
[06-Jul-2018 16:01:43 UTC] PHP Warning:  include(lib/show_queries.php): failed to open stream: No such file or directory in /home/ubuntu/workspace/6400Summer18Team04/Phase 3/Team004/views/_AddResourceForm.php on line 50
[06-Jul-2018 16:01:43 UTC] PHP Stack trace:
[06-Jul-2018 16:01:43 UTC] PHP   1. {main}() /home/ubuntu/workspace/6400Summer18Team04/Phase 3/Team004/views/_AddResourceForm.php:0
[06-Jul-2018 16:01:43 UTC] PHP Warning:  include(): Failed opening 'lib/show_queries.php' for inclusion (include_path='.:/usr/share/php:/usr/share/pear') in /home/ubuntu/workspace/6400Summer18Team04/Phase 3/Team004/views/_AddResourceForm.php on line 50
[06-Jul-2018 16:01:43 UTC] PHP Stack trace:
[06-Jul-2018 16:01:43 UTC] PHP   1. {main}() /home/ubuntu/workspace/6400Summer18Team04/Phase 3/Team004/views/_AddResourceForm.php:0
[06-Jul-2018 16:01:43 UTC] PHP Warning:  include(lib/error.php): failed to open stream: No such file or directory in /home/ubuntu/workspace/6400Summer18Team04/Phase 3/Team004/views/_AddResourceForm.php on line 51
[06-Jul-2018 16:01:43 UTC] PHP Stack trace:
[06-Jul-2018 16:01:43 UTC] PHP   1. {main}() /home/ubuntu/workspace/6400Summer18Team04/Phase 3/Team004/views/_AddResourceForm.php:0
[06-Jul-2018 16:01:43 UTC] PHP Warning:  include(): Failed opening 'lib/error.php' for inclusion (include_path='.:/usr/share/php:/usr/share/pear') in /home/ubuntu/workspace/6400Summer18Team04/Phase 3/Team004/views/_AddResourceForm.php on line 51
[06-Jul-2018 16:01:43 UTC] PHP Stack trace:
[06-Jul-2018 16:01:43 UTC] PHP   1. {main}() /home/ubuntu/workspace/6400Summer18Team04/Phase 3/Team004/views/_AddResourceForm.php:0
[06-Jul-2018 16:01:43 UTC] PHP Warning:  mysqli_fetch_assoc() expects parameter 1 to be mysqli_result, null given in /home/ubuntu/workspace/6400Summer18Team04/Phase 3/Team004/views/_AddResourceForm.php on line 78
[06-Jul-2018 16:01:43 UTC] PHP Stack trace:
[06-Jul-2018 16:01:43 UTC] PHP   1. {main}() /home/ubuntu/workspace/6400Summer18Team04/Phase 3/Team004/views/_AddResourceForm.php:0
[06-Jul-2018 16:01:43 UTC] PHP   2. mysqli_fetch_assoc() /home/ubuntu/workspace/6400Summer18Team04/Phase 3/Team004/views/_AddResourceForm.php:78
[06-Jul-2018 16:01:43 UTC] PHP Fatal error:  Call to a member function close() on a non-object in /home/ubuntu/workspace/6400Summer18Team04/Phase 3/Team004/views/_AddResourceForm.php on line 81
[06-Jul-2018 16:01:43 UTC] PHP Stack trace:
[06-Jul-2018 16:01:43 UTC] PHP   1. {main}() /home/ubuntu/workspace/6400Summer18Team04/Phase 3/Team004/views/_AddResourceForm.php:0
[06-Jul-2018 19:23:27 UTC] PHP Warning:  include(lib/error.php): failed to open stream: No such file or directory in /home/ubuntu/workspace/6400Summer18Team04/Phase 3/Team004/views/_AddResourceForm.php on line 49
[06-Jul-2018 19:23:27 UTC] PHP Stack trace:
[06-Jul-2018 19:23:27 UTC] PHP   1. {main}() /home/ubuntu/workspace/6400Summer18Team04/Phase 3/Team004/views/_AddResourceForm.php:0
[06-Jul-2018 19:23:27 UTC] PHP Warning:  include(): Failed opening 'lib/error.php' for inclusion (include_path='.:/usr/share/php:/usr/share/pear') in /home/ubuntu/workspace/6400Summer18Team04/Phase 3/Team004/views/_AddResourceForm.php on line 49
[06-Jul-2018 19:23:27 UTC] PHP Stack trace:
[06-Jul-2018 19:23:27 UTC] PHP   1. {main}() /home/ubuntu/workspace/6400Summer18Team04/Phase 3/Team004/views/_AddResourceForm.php:0
[06-Jul-2018 19:23:27 UTC] PHP Warning:  mysqli_fetch_assoc() expects parameter 1 to be mysqli_result, null given in /home/ubuntu/workspace/6400Summer18Team04/Phase 3/Team004/views/_AddResourceForm.php on line 76
[06-Jul-2018 19:23:27 UTC] PHP Stack trace:
[06-Jul-2018 19:23:27 UTC] PHP   1. {main}() /home/ubuntu/workspace/6400Summer18Team04/Phase 3/Team004/views/_AddResourceForm.php:0
[06-Jul-2018 19:23:27 UTC] PHP   2. mysqli_fetch_assoc() /home/ubuntu/workspace/6400Summer18Team04/Phase 3/Team004/views/_AddResourceForm.php:76
[06-Jul-2018 19:23:27 UTC] PHP Fatal error:  Call to a member function close() on a non-object in /home/ubuntu/workspace/6400Summer18Team04/Phase 3/Team004/views/_AddResourceForm.php on line 79
[06-Jul-2018 19:23:27 UTC] PHP Stack trace:
[06-Jul-2018 19:23:27 UTC] PHP   1. {main}() /home/ubuntu/workspace/6400Summer18Team04/Phase 3/Team004/views/_AddResourceForm.php:0
[09-Jul-2018 23:10:32 UTC] PHP Warning:  mysqli_query() expects parameter 1 to be mysqli, null given in /home/ubuntu/workspace/6400Summer18Team04/Phase 3/Team004/views/_AddResourceForm.php on line 31
[09-Jul-2018 23:10:32 UTC] PHP Stack trace:
[09-Jul-2018 23:10:32 UTC] PHP   1. {main}() /home/ubuntu/workspace/6400Summer18Team04/Phase 3/Team004/views/_AddResourceForm.php:0
[09-Jul-2018 23:10:32 UTC] PHP   2. mysqli_query() /home/ubuntu/workspace/6400Summer18Team04/Phase 3/Team004/views/_AddResourceForm.php:31
[09-Jul-2018 23:10:32 UTC] PHP Warning:  array_push() expects parameter 1 to be array, null given in /home/ubuntu/workspace/6400Summer18Team04/Phase 3/Team004/views/_AddResourceForm.php on line 36
[09-Jul-2018 23:10:32 UTC] PHP Stack trace:
[09-Jul-2018 23:10:32 UTC] PHP   1. {main}() /home/ubuntu/workspace/6400Summer18Team04/Phase 3/Team004/views/_AddResourceForm.php:0
[09-Jul-2018 23:10:32 UTC] PHP   2. array_push() /home/ubuntu/workspace/6400Summer18Team04/Phase 3/Team004/views/_AddResourceForm.php:36
[09-Jul-2018 23:10:32 UTC] PHP Warning:  array_push() expects parameter 1 to be array, null given in /home/ubuntu/workspace/6400Summer18Team04/Phase 3/Team004/views/_AddResourceForm.php on line 37
[09-Jul-2018 23:10:32 UTC] PHP Stack trace:
[09-Jul-2018 23:10:32 UTC] PHP   1. {main}() /home/ubuntu/workspace/6400Summer18Team04/Phase 3/Team004/views/_AddResourceForm.php:0
[09-Jul-2018 23:10:32 UTC] PHP   2. array_push() /home/ubuntu/workspace/6400Summer18Team04/Phase 3/Team004/views/_AddResourceForm.php:37
[09-Jul-2018 23:10:32 UTC] PHP Warning:  array_push() expects parameter 1 to be array, null given in /home/ubuntu/workspace/6400Summer18Team04/Phase 3/Team004/views/_AddResourceForm.php on line 89
[09-Jul-2018 23:10:32 UTC] PHP Stack trace:
[09-Jul-2018 23:10:32 UTC] PHP   1. {main}() /home/ubuntu/workspace/6400Summer18Team04/Phase 3/Team004/views/_AddResourceForm.php:0
[09-Jul-2018 23:10:32 UTC] PHP   2. array_push() /home/ubuntu/workspace/6400Summer18Team04/Phase 3/Team004/views/_AddResourceForm.php:89
[09-Jul-2018 23:10:32 UTC] PHP Warning:  include(lib/error.php): failed to open stream: No such file or directory in /home/ubuntu/workspace/6400Summer18Team04/Phase 3/Team004/views/_AddResourceForm.php on line 119
[09-Jul-2018 23:10:32 UTC] PHP Stack trace:
[09-Jul-2018 23:10:32 UTC] PHP   1. {main}() /home/ubuntu/workspace/6400Summer18Team04/Phase 3/Team004/views/_AddResourceForm.php:0
[09-Jul-2018 23:10:32 UTC] PHP Warning:  include(): Failed opening 'lib/error.php' for inclusion (include_path='.:/usr/share/php:/usr/share/pear') in /home/ubuntu/workspace/6400Summer18Team04/Phase 3/Team004/views/_AddResourceForm.php on line 119
[09-Jul-2018 23:10:32 UTC] PHP Stack trace:
[09-Jul-2018 23:10:32 UTC] PHP   1. {main}() /home/ubuntu/workspace/6400Summer18Team04/Phase 3/Team004/views/_AddResourceForm.php:0
[09-Jul-2018 23:10:32 UTC] PHP Warning:  mysqli_fetch_assoc() expects parameter 1 to be mysqli_result, null given in /home/ubuntu/workspace/6400Summer18Team04/Phase 3/Team004/views/_AddResourceForm.php on line 124
[09-Jul-2018 23:10:32 UTC] PHP Stack trace:
[09-Jul-2018 23:10:32 UTC] PHP   1. {main}() /home/ubuntu/workspace/6400Summer18Team04/Phase 3/Team004/views/_AddResourceForm.php:0
[09-Jul-2018 23:10:32 UTC] PHP   2. mysqli_fetch_assoc() /home/ubuntu/workspace/6400Summer18Team04/Phase 3/Team004/views/_AddResourceForm.php:124
[09-Jul-2018 23:10:32 UTC] PHP Warning:  mysqli_fetch_assoc() expects parameter 1 to be mysqli_result, null given in /home/ubuntu/workspace/6400Summer18Team04/Phase 3/Team004/views/_AddResourceForm.php on line 146
[09-Jul-2018 23:10:32 UTC] PHP Stack trace:
[09-Jul-2018 23:10:32 UTC] PHP   1. {main}() /home/ubuntu/workspace/6400Summer18Team04/Phase 3/Team004/views/_AddResourceForm.php:0
[09-Jul-2018 23:10:32 UTC] PHP   2. mysqli_fetch_assoc() /home/ubuntu/workspace/6400Summer18Team04/Phase 3/Team004/views/_AddResourceForm.php:146
[09-Jul-2018 23:10:32 UTC] PHP Fatal error:  Call to a member function close() on a non-object in /home/ubuntu/workspace/6400Summer18Team04/Phase 3/Team004/views/_AddResourceForm.php on line 149
[09-Jul-2018 23:10:32 UTC] PHP Stack trace:
[09-Jul-2018 23:10:32 UTC] PHP   1. {main}() /home/ubuntu/workspace/6400Summer18Team04/Phase 3/Team004/views/_AddResourceForm.php:0
[09-Jul-2018 23:12:24 UTC] PHP Warning:  mysqli_query() expects parameter 1 to be mysqli, null given in /home/ubuntu/workspace/6400Summer18Team04/Phase 3/Team004/views/_AddResourceForm.php on line 31
[09-Jul-2018 23:12:24 UTC] PHP Stack trace:
[09-Jul-2018 23:12:24 UTC] PHP   1. {main}() /home/ubuntu/workspace/6400Summer18Team04/Phase 3/Team004/views/_AddResourceForm.php:0
[09-Jul-2018 23:12:24 UTC] PHP   2. mysqli_query() /home/ubuntu/workspace/6400Summer18Team04/Phase 3/Team004/views/_AddResourceForm.php:31
[09-Jul-2018 23:12:24 UTC] PHP Warning:  array_push() expects parameter 1 to be array, null given in /home/ubuntu/workspace/6400Summer18Team04/Phase 3/Team004/views/_AddResourceForm.php on line 36
[09-Jul-2018 23:12:24 UTC] PHP Stack trace:
[09-Jul-2018 23:12:24 UTC] PHP   1. {main}() /home/ubuntu/workspace/6400Summer18Team04/Phase 3/Team004/views/_AddResourceForm.php:0
[09-Jul-2018 23:12:24 UTC] PHP   2. array_push() /home/ubuntu/workspace/6400Summer18Team04/Phase 3/Team004/views/_AddResourceForm.php:36
[09-Jul-2018 23:12:24 UTC] PHP Warning:  array_push() expects parameter 1 to be array, null given in /home/ubuntu/workspace/6400Summer18Team04/Phase 3/Team004/views/_AddResourceForm.php on line 37
[09-Jul-2018 23:12:24 UTC] PHP Stack trace:
[09-Jul-2018 23:12:24 UTC] PHP   1. {main}() /home/ubuntu/workspace/6400Summer18Team04/Phase 3/Team004/views/_AddResourceForm.php:0
[09-Jul-2018 23:12:24 UTC] PHP   2. array_push() /home/ubuntu/workspace/6400Summer18Team04/Phase 3/Team004/views/_AddResourceForm.php:37
[09-Jul-2018 23:12:24 UTC] PHP Warning:  array_push() expects parameter 1 to be array, null given in /home/ubuntu/workspace/6400Summer18Team04/Phase 3/Team004/views/_AddResourceForm.php on line 89
[09-Jul-2018 23:12:24 UTC] PHP Stack trace:
[09-Jul-2018 23:12:24 UTC] PHP   1. {main}() /home/ubuntu/workspace/6400Summer18Team04/Phase 3/Team004/views/_AddResourceForm.php:0
[09-Jul-2018 23:12:24 UTC] PHP   2. array_push() /home/ubuntu/workspace/6400Summer18Team04/Phase 3/Team004/views/_AddResourceForm.php:89
[09-Jul-2018 23:12:24 UTC] PHP Warning:  include(lib/error.php): failed to open stream: No such file or directory in /home/ubuntu/workspace/6400Summer18Team04/Phase 3/Team004/views/_AddResourceForm.php on line 119
[09-Jul-2018 23:12:24 UTC] PHP Stack trace:
[09-Jul-2018 23:12:24 UTC] PHP   1. {main}() /home/ubuntu/workspace/6400Summer18Team04/Phase 3/Team004/views/_AddResourceForm.php:0
[09-Jul-2018 23:12:24 UTC] PHP Warning:  include(): Failed opening 'lib/error.php' for inclusion (include_path='.:/usr/share/php:/usr/share/pear') in /home/ubuntu/workspace/6400Summer18Team04/Phase 3/Team004/views/_AddResourceForm.php on line 119
[09-Jul-2018 23:12:24 UTC] PHP Stack trace:
[09-Jul-2018 23:12:24 UTC] PHP   1. {main}() /home/ubuntu/workspace/6400Summer18Team04/Phase 3/Team004/views/_AddResourceForm.php:0
[09-Jul-2018 23:12:24 UTC] PHP Warning:  mysqli_fetch_assoc() expects parameter 1 to be mysqli_result, null given in /home/ubuntu/workspace/6400Summer18Team04/Phase 3/Team004/views/_AddResourceForm.php on line 124
[09-Jul-2018 23:12:24 UTC] PHP Stack trace:
[09-Jul-2018 23:12:24 UTC] PHP   1. {main}() /home/ubuntu/workspace/6400Summer18Team04/Phase 3/Team004/views/_AddResourceForm.php:0
[09-Jul-2018 23:12:24 UTC] PHP   2. mysqli_fetch_assoc() /home/ubuntu/workspace/6400Summer18Team04/Phase 3/Team004/views/_AddResourceForm.php:124
[09-Jul-2018 23:12:24 UTC] PHP Warning:  mysqli_fetch_assoc() expects parameter 1 to be mysqli_result, null given in /home/ubuntu/workspace/6400Summer18Team04/Phase 3/Team004/views/_AddResourceForm.php on line 146
[09-Jul-2018 23:12:24 UTC] PHP Stack trace:
[09-Jul-2018 23:12:24 UTC] PHP   1. {main}() /home/ubuntu/workspace/6400Summer18Team04/Phase 3/Team004/views/_AddResourceForm.php:0
[09-Jul-2018 23:12:24 UTC] PHP   2. mysqli_fetch_assoc() /home/ubuntu/workspace/6400Summer18Team04/Phase 3/Team004/views/_AddResourceForm.php:146
[09-Jul-2018 23:12:24 UTC] PHP Fatal error:  Call to a member function close() on a non-object in /home/ubuntu/workspace/6400Summer18Team04/Phase 3/Team004/views/_AddResourceForm.php on line 149
[09-Jul-2018 23:12:24 UTC] PHP Stack trace:
[09-Jul-2018 23:12:24 UTC] PHP   1. {main}() /home/ubuntu/workspace/6400Summer18Team04/Phase 3/Team004/views/_AddResourceForm.php:0
[09-Jul-2018 23:12:57 UTC] PHP Warning:  mysqli_query() expects parameter 1 to be mysqli, null given in /home/ubuntu/workspace/6400Summer18Team04/Phase 3/Team004/views/_AddResourceForm.php on line 97
[09-Jul-2018 23:12:57 UTC] PHP Stack trace:
[09-Jul-2018 23:12:57 UTC] PHP   1. {main}() /home/ubuntu/workspace/6400Summer18Team04/Phase 3/Team004/views/_AddResourceForm.php:0
[09-Jul-2018 23:12:57 UTC] PHP   2. mysqli_query() /home/ubuntu/workspace/6400Summer18Team04/Phase 3/Team004/views/_AddResourceForm.php:97
[09-Jul-2018 23:12:57 UTC] PHP Warning:  mysqli_query() expects parameter 1 to be mysqli, null given in /home/ubuntu/workspace/6400Summer18Team04/Phase 3/Team004/views/_AddResourceForm.php on line 98
[09-Jul-2018 23:12:57 UTC] PHP Stack trace:
[09-Jul-2018 23:12:57 UTC] PHP   1. {main}() /home/ubuntu/workspace/6400Summer18Team04/Phase 3/Team004/views/_AddResourceForm.php:0
[09-Jul-2018 23:12:57 UTC] PHP   2. mysqli_query() /home/ubuntu/workspace/6400Summer18Team04/Phase 3/Team004/views/_AddResourceForm.php:98
[09-Jul-2018 23:12:57 UTC] PHP Warning:  mysqli_query() expects parameter 1 to be mysqli, null given in /home/ubuntu/workspace/6400Summer18Team04/Phase 3/Team004/views/_AddResourceForm.php on line 99
[09-Jul-2018 23:12:57 UTC] PHP Stack trace:
[09-Jul-2018 23:12:57 UTC] PHP   1. {main}() /home/ubuntu/workspace/6400Summer18Team04/Phase 3/Team004/views/_AddResourceForm.php:0
[09-Jul-2018 23:12:57 UTC] PHP   2. mysqli_query() /home/ubuntu/workspace/6400Summer18Team04/Phase 3/Team004/views/_AddResourceForm.php:99
[09-Jul-2018 23:12:57 UTC] PHP Warning:  mysqli_query() expects parameter 1 to be mysqli, null given in /home/ubuntu/workspace/6400Summer18Team04/Phase 3/Team004/views/_AddResourceForm.php on line 100
[09-Jul-2018 23:12:57 UTC] PHP Stack trace:
[09-Jul-2018 23:12:57 UTC] PHP   1. {main}() /home/ubuntu/workspace/6400Summer18Team04/Phase 3/Team004/views/_AddResourceForm.php:0
[09-Jul-2018 23:12:57 UTC] PHP   2. mysqli_query() /home/ubuntu/workspace/6400Summer18Team04/Phase 3/Team004/views/_AddResourceForm.php:100
[09-Jul-2018 23:12:57 UTC] PHP Warning:  include(lib/error.php): failed to open stream: No such file or directory in /home/ubuntu/workspace/6400Summer18Team04/Phase 3/Team004/views/_AddResourceForm.php on line 119
[09-Jul-2018 23:12:57 UTC] PHP Stack trace:
[09-Jul-2018 23:12:57 UTC] PHP   1. {main}() /home/ubuntu/workspace/6400Summer18Team04/Phase 3/Team004/views/_AddResourceForm.php:0
[09-Jul-2018 23:12:57 UTC] PHP Warning:  include(): Failed opening 'lib/error.php' for inclusion (include_path='.:/usr/share/php:/usr/share/pear') in /home/ubuntu/workspace/6400Summer18Team04/Phase 3/Team004/views/_AddResourceForm.php on line 119
[09-Jul-2018 23:12:57 UTC] PHP Stack trace:
[09-Jul-2018 23:12:57 UTC] PHP   1. {main}() /home/ubuntu/workspace/6400Summer18Team04/Phase 3/Team004/views/_AddResourceForm.php:0
[09-Jul-2018 23:12:57 UTC] PHP Warning:  mysqli_fetch_assoc() expects parameter 1 to be mysqli_result, null given in /home/ubuntu/workspace/6400Summer18Team04/Phase 3/Team004/views/_AddResourceForm.php on line 124
[09-Jul-2018 23:12:57 UTC] PHP Stack trace:
[09-Jul-2018 23:12:57 UTC] PHP   1. {main}() /home/ubuntu/workspace/6400Summer18Team04/Phase 3/Team004/views/_AddResourceForm.php:0
[09-Jul-2018 23:12:57 UTC] PHP   2. mysqli_fetch_assoc() /home/ubuntu/workspace/6400Summer18Team04/Phase 3/Team004/views/_AddResourceForm.php:124
[09-Jul-2018 23:12:57 UTC] PHP Warning:  mysqli_fetch_assoc() expects parameter 1 to be mysqli_result, null given in /home/ubuntu/workspace/6400Summer18Team04/Phase 3/Team004/views/_AddResourceForm.php on line 146
[09-Jul-2018 23:12:57 UTC] PHP Stack trace:
[09-Jul-2018 23:12:57 UTC] PHP   1. {main}() /home/ubuntu/workspace/6400Summer18Team04/Phase 3/Team004/views/_AddResourceForm.php:0
[09-Jul-2018 23:12:57 UTC] PHP   2. mysqli_fetch_assoc() /home/ubuntu/workspace/6400Summer18Team04/Phase 3/Team004/views/_AddResourceForm.php:146
[09-Jul-2018 23:12:57 UTC] PHP Fatal error:  Call to a member function close() on a non-object in /home/ubuntu/workspace/6400Summer18Team04/Phase 3/Team004/views/_AddResourceForm.php on line 149
[09-Jul-2018 23:12:57 UTC] PHP Stack trace:
[09-Jul-2018 23:12:57 UTC] PHP   1. {main}() /home/ubuntu/workspace/6400Summer18Team04/Phase 3/Team004/views/_AddResourceForm.php:0
[09-Jul-2018 23:13:03 UTC] PHP Warning:  mysqli_query() expects parameter 1 to be mysqli, null given in /home/ubuntu/workspace/6400Summer18Team04/Phase 3/Team004/views/_AddResourceForm.php on line 31
[09-Jul-2018 23:13:03 UTC] PHP Stack trace:
[09-Jul-2018 23:13:03 UTC] PHP   1. {main}() /home/ubuntu/workspace/6400Summer18Team04/Phase 3/Team004/views/_AddResourceForm.php:0
[09-Jul-2018 23:13:03 UTC] PHP   2. mysqli_query() /home/ubuntu/workspace/6400Summer18Team04/Phase 3/Team004/views/_AddResourceForm.php:31
[09-Jul-2018 23:13:03 UTC] PHP Warning:  array_push() expects parameter 1 to be array, null given in /home/ubuntu/workspace/6400Summer18Team04/Phase 3/Team004/views/_AddResourceForm.php on line 36
[09-Jul-2018 23:13:03 UTC] PHP Stack trace:
[09-Jul-2018 23:13:03 UTC] PHP   1. {main}() /home/ubuntu/workspace/6400Summer18Team04/Phase 3/Team004/views/_AddResourceForm.php:0
[09-Jul-2018 23:13:03 UTC] PHP   2. array_push() /home/ubuntu/workspace/6400Summer18Team04/Phase 3/Team004/views/_AddResourceForm.php:36
[09-Jul-2018 23:13:03 UTC] PHP Warning:  array_push() expects parameter 1 to be array, null given in /home/ubuntu/workspace/6400Summer18Team04/Phase 3/Team004/views/_AddResourceForm.php on line 37
[09-Jul-2018 23:13:03 UTC] PHP Stack trace:
[09-Jul-2018 23:13:03 UTC] PHP   1. {main}() /home/ubuntu/workspace/6400Summer18Team04/Phase 3/Team004/views/_AddResourceForm.php:0
[09-Jul-2018 23:13:03 UTC] PHP   2. array_push() /home/ubuntu/workspace/6400Summer18Team04/Phase 3/Team004/views/_AddResourceForm.php:37
[09-Jul-2018 23:13:03 UTC] PHP Warning:  array_push() expects parameter 1 to be array, null given in /home/ubuntu/workspace/6400Summer18Team04/Phase 3/Team004/views/_AddResourceForm.php on line 89
[09-Jul-2018 23:13:03 UTC] PHP Stack trace:
[09-Jul-2018 23:13:03 UTC] PHP   1. {main}() /home/ubuntu/workspace/6400Summer18Team04/Phase 3/Team004/views/_AddResourceForm.php:0
[09-Jul-2018 23:13:03 UTC] PHP   2. array_push() /home/ubuntu/workspace/6400Summer18Team04/Phase 3/Team004/views/_AddResourceForm.php:89
[09-Jul-2018 23:13:03 UTC] PHP Warning:  include(lib/error.php): failed to open stream: No such file or directory in /home/ubuntu/workspace/6400Summer18Team04/Phase 3/Team004/views/_AddResourceForm.php on line 119
[09-Jul-2018 23:13:03 UTC] PHP Stack trace:
[09-Jul-2018 23:13:03 UTC] PHP   1. {main}() /home/ubuntu/workspace/6400Summer18Team04/Phase 3/Team004/views/_AddResourceForm.php:0
[09-Jul-2018 23:13:03 UTC] PHP Warning:  include(): Failed opening 'lib/error.php' for inclusion (include_path='.:/usr/share/php:/usr/share/pear') in /home/ubuntu/workspace/6400Summer18Team04/Phase 3/Team004/views/_AddResourceForm.php on line 119
[09-Jul-2018 23:13:03 UTC] PHP Stack trace:
[09-Jul-2018 23:13:03 UTC] PHP   1. {main}() /home/ubuntu/workspace/6400Summer18Team04/Phase 3/Team004/views/_AddResourceForm.php:0
[09-Jul-2018 23:13:03 UTC] PHP Warning:  mysqli_fetch_assoc() expects parameter 1 to be mysqli_result, null given in /home/ubuntu/workspace/6400Summer18Team04/Phase 3/Team004/views/_AddResourceForm.php on line 124
[09-Jul-2018 23:13:03 UTC] PHP Stack trace:
[09-Jul-2018 23:13:03 UTC] PHP   1. {main}() /home/ubuntu/workspace/6400Summer18Team04/Phase 3/Team004/views/_AddResourceForm.php:0
[09-Jul-2018 23:13:03 UTC] PHP   2. mysqli_fetch_assoc() /home/ubuntu/workspace/6400Summer18Team04/Phase 3/Team004/views/_AddResourceForm.php:124
[09-Jul-2018 23:13:03 UTC] PHP Warning:  mysqli_fetch_assoc() expects parameter 1 to be mysqli_result, null given in /home/ubuntu/workspace/6400Summer18Team04/Phase 3/Team004/views/_AddResourceForm.php on line 146
[09-Jul-2018 23:13:03 UTC] PHP Stack trace:
[09-Jul-2018 23:13:03 UTC] PHP   1. {main}() /home/ubuntu/workspace/6400Summer18Team04/Phase 3/Team004/views/_AddResourceForm.php:0
[09-Jul-2018 23:13:03 UTC] PHP   2. mysqli_fetch_assoc() /home/ubuntu/workspace/6400Summer18Team04/Phase 3/Team004/views/_AddResourceForm.php:146
[09-Jul-2018 23:13:03 UTC] PHP Fatal error:  Call to a member function close() on a non-object in /home/ubuntu/workspace/6400Summer18Team04/Phase 3/Team004/views/_AddResourceForm.php on line 149
[09-Jul-2018 23:13:03 UTC] PHP Stack trace:
[09-Jul-2018 23:13:03 UTC] PHP   1. {main}() /home/ubuntu/workspace/6400Summer18Team04/Phase 3/Team004/views/_AddResourceForm.php:0
[09-Jul-2018 23:14:57 UTC] PHP Warning:  mysqli_query() expects parameter 1 to be mysqli, null given in /home/ubuntu/workspace/6400Summer18Team04/Phase 3/Team004/views/_AddResourceForm.php on line 31
[09-Jul-2018 23:14:57 UTC] PHP Stack trace:
[09-Jul-2018 23:14:57 UTC] PHP   1. {main}() /home/ubuntu/workspace/6400Summer18Team04/Phase 3/Team004/views/_AddResourceForm.php:0
[09-Jul-2018 23:14:57 UTC] PHP   2. mysqli_query() /home/ubuntu/workspace/6400Summer18Team04/Phase 3/Team004/views/_AddResourceForm.php:31
[09-Jul-2018 23:14:57 UTC] PHP Warning:  array_push() expects parameter 1 to be array, null given in /home/ubuntu/workspace/6400Summer18Team04/Phase 3/Team004/views/_AddResourceForm.php on line 36
[09-Jul-2018 23:14:57 UTC] PHP Stack trace:
[09-Jul-2018 23:14:57 UTC] PHP   1. {main}() /home/ubuntu/workspace/6400Summer18Team04/Phase 3/Team004/views/_AddResourceForm.php:0
[09-Jul-2018 23:14:57 UTC] PHP   2. array_push() /home/ubuntu/workspace/6400Summer18Team04/Phase 3/Team004/views/_AddResourceForm.php:36
[09-Jul-2018 23:14:57 UTC] PHP Warning:  array_push() expects parameter 1 to be array, null given in /home/ubuntu/workspace/6400Summer18Team04/Phase 3/Team004/views/_AddResourceForm.php on line 37
[09-Jul-2018 23:14:57 UTC] PHP Stack trace:
[09-Jul-2018 23:14:57 UTC] PHP   1. {main}() /home/ubuntu/workspace/6400Summer18Team04/Phase 3/Team004/views/_AddResourceForm.php:0
[09-Jul-2018 23:14:57 UTC] PHP   2. array_push() /home/ubuntu/workspace/6400Summer18Team04/Phase 3/Team004/views/_AddResourceForm.php:37
[09-Jul-2018 23:14:57 UTC] PHP Warning:  array_push() expects parameter 1 to be array, null given in /home/ubuntu/workspace/6400Summer18Team04/Phase 3/Team004/views/_AddResourceForm.php on line 89
[09-Jul-2018 23:14:57 UTC] PHP Stack trace:
[09-Jul-2018 23:14:57 UTC] PHP   1. {main}() /home/ubuntu/workspace/6400Summer18Team04/Phase 3/Team004/views/_AddResourceForm.php:0
[09-Jul-2018 23:14:57 UTC] PHP   2. array_push() /home/ubuntu/workspace/6400Summer18Team04/Phase 3/Team004/views/_AddResourceForm.php:89
[09-Jul-2018 23:14:57 UTC] PHP Warning:  include(lib/show_queries.php): failed to open stream: No such file or directory in /home/ubuntu/workspace/6400Summer18Team04/Phase 3/Team004/views/_AddResourceForm.php on line 119
[09-Jul-2018 23:14:57 UTC] PHP Stack trace:
[09-Jul-2018 23:14:57 UTC] PHP   1. {main}() /home/ubuntu/workspace/6400Summer18Team04/Phase 3/Team004/views/_AddResourceForm.php:0
[09-Jul-2018 23:14:57 UTC] PHP Warning:  include(): Failed opening 'lib/show_queries.php' for inclusion (include_path='.:/usr/share/php:/usr/share/pear') in /home/ubuntu/workspace/6400Summer18Team04/Phase 3/Team004/views/_AddResourceForm.php on line 119
[09-Jul-2018 23:14:57 UTC] PHP Stack trace:
[09-Jul-2018 23:14:57 UTC] PHP   1. {main}() /home/ubuntu/workspace/6400Summer18Team04/Phase 3/Team004/views/_AddResourceForm.php:0
[09-Jul-2018 23:14:57 UTC] PHP Warning:  mysqli_fetch_assoc() expects parameter 1 to be mysqli_result, null given in /home/ubuntu/workspace/6400Summer18Team04/Phase 3/Team004/views/_AddResourceForm.php on line 125
[09-Jul-2018 23:14:57 UTC] PHP Stack trace:
[09-Jul-2018 23:14:57 UTC] PHP   1. {main}() /home/ubuntu/workspace/6400Summer18Team04/Phase 3/Team004/views/_AddResourceForm.php:0
[09-Jul-2018 23:14:57 UTC] PHP   2. mysqli_fetch_assoc() /home/ubuntu/workspace/6400Summer18Team04/Phase 3/Team004/views/_AddResourceForm.php:125
[09-Jul-2018 23:14:57 UTC] PHP Warning:  mysqli_fetch_assoc() expects parameter 1 to be mysqli_result, null given in /home/ubuntu/workspace/6400Summer18Team04/Phase 3/Team004/views/_AddResourceForm.php on line 147
[09-Jul-2018 23:14:57 UTC] PHP Stack trace:
[09-Jul-2018 23:14:57 UTC] PHP   1. {main}() /home/ubuntu/workspace/6400Summer18Team04/Phase 3/Team004/views/_AddResourceForm.php:0
[09-Jul-2018 23:14:57 UTC] PHP   2. mysqli_fetch_assoc() /home/ubuntu/workspace/6400Summer18Team04/Phase 3/Team004/views/_AddResourceForm.php:147
[09-Jul-2018 23:14:57 UTC] PHP Fatal error:  Call to a member function close() on a non-object in /home/ubuntu/workspace/6400Summer18Team04/Phase 3/Team004/views/_AddResourceForm.php on line 150
[09-Jul-2018 23:14:57 UTC] PHP Stack trace:
[09-Jul-2018 23:14:57 UTC] PHP   1. {main}() /home/ubuntu/workspace/6400Summer18Team04/Phase 3/Team004/views/_AddResourceForm.php:0
[09-Jul-2018 23:15:49 UTC] PHP Warning:  mysqli_query() expects parameter 1 to be mysqli, null given in /home/ubuntu/workspace/6400Summer18Team04/Phase 3/Team004/views/_AddResourceForm.php on line 31
[09-Jul-2018 23:15:49 UTC] PHP Stack trace:
[09-Jul-2018 23:15:49 UTC] PHP   1. {main}() /home/ubuntu/workspace/6400Summer18Team04/Phase 3/Team004/views/_AddResourceForm.php:0
[09-Jul-2018 23:15:49 UTC] PHP   2. mysqli_query() /home/ubuntu/workspace/6400Summer18Team04/Phase 3/Team004/views/_AddResourceForm.php:31
[09-Jul-2018 23:15:49 UTC] PHP Warning:  array_push() expects parameter 1 to be array, null given in /home/ubuntu/workspace/6400Summer18Team04/Phase 3/Team004/views/_AddResourceForm.php on line 36
[09-Jul-2018 23:15:49 UTC] PHP Stack trace:
[09-Jul-2018 23:15:49 UTC] PHP   1. {main}() /home/ubuntu/workspace/6400Summer18Team04/Phase 3/Team004/views/_AddResourceForm.php:0
[09-Jul-2018 23:15:49 UTC] PHP   2. array_push() /home/ubuntu/workspace/6400Summer18Team04/Phase 3/Team004/views/_AddResourceForm.php:36
[09-Jul-2018 23:15:49 UTC] PHP Warning:  array_push() expects parameter 1 to be array, null given in /home/ubuntu/workspace/6400Summer18Team04/Phase 3/Team004/views/_AddResourceForm.php on line 37
[09-Jul-2018 23:15:49 UTC] PHP Stack trace:
[09-Jul-2018 23:15:49 UTC] PHP   1. {main}() /home/ubuntu/workspace/6400Summer18Team04/Phase 3/Team004/views/_AddResourceForm.php:0
[09-Jul-2018 23:15:49 UTC] PHP   2. array_push() /home/ubuntu/workspace/6400Summer18Team04/Phase 3/Team004/views/_AddResourceForm.php:37
[09-Jul-2018 23:15:49 UTC] PHP Warning:  array_push() expects parameter 1 to be array, null given in /home/ubuntu/workspace/6400Summer18Team04/Phase 3/Team004/views/_AddResourceForm.php on line 89
[09-Jul-2018 23:15:49 UTC] PHP Stack trace:
[09-Jul-2018 23:15:49 UTC] PHP   1. {main}() /home/ubuntu/workspace/6400Summer18Team04/Phase 3/Team004/views/_AddResourceForm.php:0
[09-Jul-2018 23:15:49 UTC] PHP   2. array_push() /home/ubuntu/workspace/6400Summer18Team04/Phase 3/Team004/views/_AddResourceForm.php:89
[09-Jul-2018 23:15:49 UTC] PHP Warning:  mysqli_fetch_assoc() expects parameter 1 to be mysqli_result, null given in /home/ubuntu/workspace/6400Summer18Team04/Phase 3/Team004/views/_AddResourceForm.php on line 125
[09-Jul-2018 23:15:49 UTC] PHP Stack trace:
[09-Jul-2018 23:15:49 UTC] PHP   1. {main}() /home/ubuntu/workspace/6400Summer18Team04/Phase 3/Team004/views/_AddResourceForm.php:0
[09-Jul-2018 23:15:49 UTC] PHP   2. mysqli_fetch_assoc() /home/ubuntu/workspace/6400Summer18Team04/Phase 3/Team004/views/_AddResourceForm.php:125
[09-Jul-2018 23:15:49 UTC] PHP Warning:  mysqli_fetch_assoc() expects parameter 1 to be mysqli_result, null given in /home/ubuntu/workspace/6400Summer18Team04/Phase 3/Team004/views/_AddResourceForm.php on line 147
[09-Jul-2018 23:15:49 UTC] PHP Stack trace:
[09-Jul-2018 23:15:49 UTC] PHP   1. {main}() /home/ubuntu/workspace/6400Summer18Team04/Phase 3/Team004/views/_AddResourceForm.php:0
[09-Jul-2018 23:15:49 UTC] PHP   2. mysqli_fetch_assoc() /home/ubuntu/workspace/6400Summer18Team04/Phase 3/Team004/views/_AddResourceForm.php:147
[09-Jul-2018 23:15:49 UTC] PHP Fatal error:  Call to a member function close() on a non-object in /home/ubuntu/workspace/6400Summer18Team04/Phase 3/Team004/views/_AddResourceForm.php on line 150
[09-Jul-2018 23:15:49 UTC] PHP Stack trace:
[09-Jul-2018 23:15:49 UTC] PHP   1. {main}() /home/ubuntu/workspace/6400Summer18Team04/Phase 3/Team004/views/_AddResourceForm.php:0
[09-Jul-2018 23:17:29 UTC] PHP Warning:  mysqli_query() expects parameter 1 to be mysqli, null given in /home/ubuntu/workspace/6400Summer18Team04/Phase 3/Team004/views/_AddResourceForm.php on line 33
[09-Jul-2018 23:17:29 UTC] PHP Stack trace:
[09-Jul-2018 23:17:29 UTC] PHP   1. {main}() /home/ubuntu/workspace/6400Summer18Team04/Phase 3/Team004/views/_AddResourceForm.php:0
[09-Jul-2018 23:17:29 UTC] PHP   2. mysqli_query() /home/ubuntu/workspace/6400Summer18Team04/Phase 3/Team004/views/_AddResourceForm.php:33
[09-Jul-2018 23:17:29 UTC] PHP Warning:  array_push() expects parameter 1 to be array, null given in /home/ubuntu/workspace/6400Summer18Team04/Phase 3/Team004/views/_AddResourceForm.php on line 38
[09-Jul-2018 23:17:29 UTC] PHP Stack trace:
[09-Jul-2018 23:17:29 UTC] PHP   1. {main}() /home/ubuntu/workspace/6400Summer18Team04/Phase 3/Team004/views/_AddResourceForm.php:0
[09-Jul-2018 23:17:29 UTC] PHP   2. array_push() /home/ubuntu/workspace/6400Summer18Team04/Phase 3/Team004/views/_AddResourceForm.php:38
[09-Jul-2018 23:17:29 UTC] PHP Warning:  array_push() expects parameter 1 to be array, null given in /home/ubuntu/workspace/6400Summer18Team04/Phase 3/Team004/views/_AddResourceForm.php on line 39
[09-Jul-2018 23:17:29 UTC] PHP Stack trace:
[09-Jul-2018 23:17:29 UTC] PHP   1. {main}() /home/ubuntu/workspace/6400Summer18Team04/Phase 3/Team004/views/_AddResourceForm.php:0
[09-Jul-2018 23:17:29 UTC] PHP   2. array_push() /home/ubuntu/workspace/6400Summer18Team04/Phase 3/Team004/views/_AddResourceForm.php:39
[09-Jul-2018 23:17:29 UTC] PHP Warning:  array_push() expects parameter 1 to be array, null given in /home/ubuntu/workspace/6400Summer18Team04/Phase 3/Team004/views/_AddResourceForm.php on line 91
[09-Jul-2018 23:17:29 UTC] PHP Stack trace:
[09-Jul-2018 23:17:29 UTC] PHP   1. {main}() /home/ubuntu/workspace/6400Summer18Team04/Phase 3/Team004/views/_AddResourceForm.php:0
[09-Jul-2018 23:17:29 UTC] PHP   2. array_push() /home/ubuntu/workspace/6400Summer18Team04/Phase 3/Team004/views/_AddResourceForm.php:91
[09-Jul-2018 23:17:29 UTC] PHP Warning:  mysqli_fetch_assoc() expects parameter 1 to be mysqli_result, null given in /home/ubuntu/workspace/6400Summer18Team04/Phase 3/Team004/views/_AddResourceForm.php on line 127
[09-Jul-2018 23:17:29 UTC] PHP Stack trace:
[09-Jul-2018 23:17:29 UTC] PHP   1. {main}() /home/ubuntu/workspace/6400Summer18Team04/Phase 3/Team004/views/_AddResourceForm.php:0
[09-Jul-2018 23:17:29 UTC] PHP   2. mysqli_fetch_assoc() /home/ubuntu/workspace/6400Summer18Team04/Phase 3/Team004/views/_AddResourceForm.php:127
[09-Jul-2018 23:17:29 UTC] PHP Warning:  mysqli_fetch_assoc() expects parameter 1 to be mysqli_result, null given in /home/ubuntu/workspace/6400Summer18Team04/Phase 3/Team004/views/_AddResourceForm.php on line 149
[09-Jul-2018 23:17:29 UTC] PHP Stack trace:
[09-Jul-2018 23:17:29 UTC] PHP   1. {main}() /home/ubuntu/workspace/6400Summer18Team04/Phase 3/Team004/views/_AddResourceForm.php:0
[09-Jul-2018 23:17:29 UTC] PHP   2. mysqli_fetch_assoc() /home/ubuntu/workspace/6400Summer18Team04/Phase 3/Team004/views/_AddResourceForm.php:149
[09-Jul-2018 23:17:29 UTC] PHP Fatal error:  Call to a member function close() on a non-object in /home/ubuntu/workspace/6400Summer18Team04/Phase 3/Team004/views/_AddResourceForm.php on line 152
[09-Jul-2018 23:17:29 UTC] PHP Stack trace:
[09-Jul-2018 23:17:29 UTC] PHP   1. {main}() /home/ubuntu/workspace/6400Summer18Team04/Phase 3/Team004/views/_AddResourceForm.php:0
